<?xml version="1.0" encoding="UTF-8"?>
<!-- Generated by org.testng.reporters.JUnitReportReporter -->
<testsuite skipped="0" hostname="ip-172-31-30-204" name="swiggy.testscripts.TestRunner" tests="1" failures="0" timestamp="2022-08-16T04:08:44 UTC" time="16.321" errors="0">
  <testcase name="runScenario" time="16.321" classname="swiggy.testscripts.TestRunner"/>
  <system-out/>
</testsuite> <!-- swiggy.testscripts.TestRunner -->
